Watching for file changes with StatReloader
Not Found: /
[10/Apr/2024 08:06:17] "GET / HTTP/1.0" 404 2901
Not Found: /favicon.ico
[10/Apr/2024 08:06:17] "GET /favicon.ico HTTP/1.0" 404 2952
Not Found: /
[10/Apr/2024 08:06:18] "GET / HTTP/1.0" 404 2901
[10/Apr/2024 08:06:20] "GET /swagger/ HTTP/1.0" 200 2155
[10/Apr/2024 08:06:20] "GET /static/drf-yasg/style.css HTTP/1.0" 304 0
[10/Apr/2024 08:06:21] "GET /static/drf-yasg/swagger-ui-init.js HTTP/1.0" 304 0
[10/Apr/2024 08:06:21] "GET /static/drf-yasg/swagger-ui-dist/swagger-ui-standalone-preset.js HTTP/1.0" 304 0
[10/Apr/2024 08:06:21] "GET /static/drf-yasg/insQ.min.js HTTP/1.0" 304 0
[10/Apr/2024 08:06:21] "GET /static/drf-yasg/immutable.min.js HTTP/1.0" 304 0
[10/Apr/2024 08:06:21] "GET /static/drf-yasg/swagger-ui-dist/swagger-ui-bundle.js HTTP/1.0" 304 0
[10/Apr/2024 08:06:21] "GET /static/drf-yasg/swagger-ui-dist/swagger-ui.css HTTP/1.0" 304 0
[10/Apr/2024 08:06:21] "GET /static/drf-yasg/swagger-ui-dist/swagger-ui-bundle.js HTTP/1.0" 304 0
[10/Apr/2024 08:06:21] "GET /static/drf-yasg/swagger-ui-dist/swagger-ui-standalone-preset.js HTTP/1.0" 304 0
[10/Apr/2024 08:06:21] "GET /static/drf-yasg/swagger-ui-init.js HTTP/1.0" 304 0
[10/Apr/2024 08:06:21] "GET /static/drf-yasg/insQ.min.js HTTP/1.0" 304 0
[10/Apr/2024 08:06:21] "GET /static/drf-yasg/immutable.min.js HTTP/1.0" 304 0
[10/Apr/2024 08:06:21] "GET /static/drf-yasg/swagger-ui-dist/favicon-32x32.png HTTP/1.0" 304 0
[10/Apr/2024 08:06:21] "GET /swagger/?format=openapi HTTP/1.0" 200 7198
[10/Apr/2024 08:06:23] "GET /swagger/?format=openapi HTTP/1.0" 200 7198
/var/www/django-billing-system/billing/urls.py changed, reloading.
Performing system checks...

System check identified no issues (0 silenced).
April 10, 2024 - 08:06:14
Django version 5.0.4, using settings 'billing.settings'
Starting development server at http://127.0.0.1:8000/
Quit the server with CONTROL-C.

Watching for file changes with StatReloader
[10/Apr/2024 08:07:16] "GET /swagger/ HTTP/1.0" 200 2166
[10/Apr/2024 08:07:16] "GET /static/drf-yasg/immutable.min.js HTTP/1.0" 200 56904
[10/Apr/2024 08:07:16] "GET /static/drf-yasg/swagger-ui-dist/swagger-ui.css HTTP/1.0" 200 145206
[10/Apr/2024 08:07:16] "GET /static/drf-yasg/style.css HTTP/1.0" 200 1047
[10/Apr/2024 08:07:16] "GET /static/drf-yasg/insQ.min.js HTTP/1.0" 200 2093
[10/Apr/2024 08:07:16] "GET /static/drf-yasg/swagger-ui-dist/swagger-ui-standalone-preset.js HTTP/1.0" 200 322863
[10/Apr/2024 08:07:16] "GET /static/drf-yasg/swagger-ui-dist/swagger-ui-bundle.js HTTP/1.0" 200 1046583
[10/Apr/2024 08:07:16] "GET /static/drf-yasg/swagger-ui-init.js HTTP/1.0" 200 14964
[10/Apr/2024 08:07:16] "GET /swagger/ HTTP/1.0" 200 2166
[10/Apr/2024 08:07:17] "GET /static/drf-yasg/swagger-ui-dist/swagger-ui-bundle.js HTTP/1.0" 200 1046583
[10/Apr/2024 08:07:17] "GET /static/drf-yasg/insQ.min.js HTTP/1.0" 200 2093
[10/Apr/2024 08:07:17] "GET /static/drf-yasg/swagger-ui-dist/swagger-ui-standalone-preset.js HTTP/1.0" 200 322863
[10/Apr/2024 08:07:17] "GET /static/drf-yasg/style.css HTTP/1.0" 200 1047
[10/Apr/2024 08:07:17] "GET /static/drf-yasg/swagger-ui-dist/swagger-ui.css HTTP/1.0" 200 145206
[10/Apr/2024 08:07:17] "GET /static/drf-yasg/immutable.min.js HTTP/1.0" 200 56904
[10/Apr/2024 08:07:17] "GET /static/drf-yasg/swagger-ui-init.js HTTP/1.0" 200 14964
[10/Apr/2024 08:07:17] "GET /swagger/ HTTP/1.0" 200 2166
[10/Apr/2024 08:07:17] "GET /static/drf-yasg/style.css HTTP/1.0" 200 1047
[10/Apr/2024 08:07:17] "GET /static/drf-yasg/swagger-ui-dist/swagger-ui.css HTTP/1.0" 200 145206
[10/Apr/2024 08:07:17] "GET /static/drf-yasg/swagger-ui-dist/swagger-ui-standalone-preset.js HTTP/1.0" 200 322863
[10/Apr/2024 08:07:17] "GET /static/drf-yasg/swagger-ui-dist/swagger-ui-bundle.js HTTP/1.0" 200 1046583
[10/Apr/2024 08:07:17] "GET /static/drf-yasg/immutable.min.js HTTP/1.0" 200 56904
[10/Apr/2024 08:07:17] "GET /static/drf-yasg/swagger-ui-init.js HTTP/1.0" 200 14964
[10/Apr/2024 08:07:17] "GET /static/drf-yasg/insQ.min.js HTTP/1.0" 200 2093
[10/Apr/2024 08:07:17] "GET /static/drf-yasg/swagger-ui-dist/favicon-32x32.png HTTP/1.0" 200 628
[10/Apr/2024 08:07:17] "GET /swagger/?format=openapi HTTP/1.0" 200 7066
[10/Apr/2024 08:07:18] "GET /swagger/?format=openapi HTTP/1.0" 200 7066
[10/Apr/2024 08:07:26] "GET /swagger/ HTTP/1.0" 200 2166
[10/Apr/2024 08:07:26] "GET /static/drf-yasg/swagger-ui-dist/favicon-32x32.png HTTP/1.0" 200 628
[10/Apr/2024 08:07:31] "GET /swagger/ HTTP/1.0" 200 2166
[10/Apr/2024 08:07:31] "GET /static/drf-yasg/style.css HTTP/1.0" 200 1047
[10/Apr/2024 08:07:31] "GET /static/drf-yasg/insQ.min.js HTTP/1.0" 200 2093
[10/Apr/2024 08:07:31] "GET /static/drf-yasg/immutable.min.js HTTP/1.0" 200 56904
[10/Apr/2024 08:07:31] "GET /static/drf-yasg/swagger-ui-init.js HTTP/1.0" 200 14964
[10/Apr/2024 08:07:31] "GET /static/drf-yasg/swagger-ui-dist/swagger-ui-bundle.js HTTP/1.0" 200 1046583
[10/Apr/2024 08:07:31] "GET /static/drf-yasg/swagger-ui-dist/swagger-ui.css HTTP/1.0" 200 145206
[10/Apr/2024 08:07:31] "GET /static/drf-yasg/swagger-ui-dist/swagger-ui-standalone-preset.js HTTP/1.0" 200 322863
[10/Apr/2024 08:07:31] "GET /static/drf-yasg/insQ.min.js HTTP/1.0" 200 2093
[10/Apr/2024 08:07:31] "GET /static/drf-yasg/swagger-ui-init.js HTTP/1.0" 200 14964
[10/Apr/2024 08:07:31] "GET /static/drf-yasg/immutable.min.js HTTP/1.0" 200 56904
[10/Apr/2024 08:07:31] "GET /static/drf-yasg/swagger-ui-dist/swagger-ui-standalone-preset.js HTTP/1.0" 200 322863
[10/Apr/2024 08:07:31] "GET /static/drf-yasg/swagger-ui-dist/swagger-ui-bundle.js HTTP/1.0" 200 1046583
[10/Apr/2024 08:07:32] "GET /swagger/?format=openapi HTTP/1.0" 200 7066
[10/Apr/2024 08:07:32] "GET /static/drf-yasg/swagger-ui-dist/favicon-32x32.png HTTP/1.0" 200 628
[10/Apr/2024 08:07:34] "GET /swagger/?format=openapi HTTP/1.0" 200 7066
Forbidden: /api/products/
[10/Apr/2024 08:08:00] "GET /api/products/ HTTP/1.0" 403 58
Not Found: /ReportServer
[10/Apr/2024 08:09:11] "GET /ReportServer HTTP/1.0" 404 2955
[10/Apr/2024 08:09:32] "GET /swagger/ HTTP/1.0" 200 2166
[10/Apr/2024 08:09:32] "GET /swagger/?format=openapi HTTP/1.0" 200 7066
[10/Apr/2024 08:09:34] "GET /swagger/?format=openapi HTTP/1.0" 200 7066
[10/Apr/2024 08:09:35] "GET /admin/ HTTP/1.0" 302 0
[10/Apr/2024 08:09:35] "GET /admin/login/?next=/admin/ HTTP/1.0" 200 4158
[10/Apr/2024 08:09:35] "GET /static/admin/css/base.css HTTP/1.0" 200 21544
[10/Apr/2024 08:09:35] "GET /static/admin/css/nav_sidebar.css HTTP/1.0" 200 2810
[10/Apr/2024 08:09:35] "GET /static/admin/css/responsive.css HTTP/1.0" 200 17905
[10/Apr/2024 08:09:35] "GET /static/admin/css/dark_mode.css HTTP/1.0" 200 2682
[10/Apr/2024 08:09:35] "GET /static/admin/css/login.css HTTP/1.0" 200 958
[10/Apr/2024 08:09:35] "GET /static/admin/js/theme.js HTTP/1.0" 200 1943
[10/Apr/2024 08:09:35] "GET /static/admin/js/nav_sidebar.js HTTP/1.0" 200 3063
[10/Apr/2024 08:09:35] "GET /static/admin/js/theme.js HTTP/1.0" 200 1943
Not Found: /favicon.ico
[10/Apr/2024 08:09:35] "GET /favicon.ico HTTP/1.0" 404 2952
[10/Apr/2024 08:09:47] "POST /admin/login/?next=/admin/ HTTP/1.0" 302 0
[10/Apr/2024 08:09:47] "GET /admin/ HTTP/1.0" 200 5823
[10/Apr/2024 08:09:47] "GET /static/admin/css/dashboard.css HTTP/1.0" 200 441
[10/Apr/2024 08:09:47] "GET /static/admin/img/icon-changelink.svg HTTP/1.0" 200 380
[10/Apr/2024 08:09:47] "GET /static/admin/img/icon-addlink.svg HTTP/1.0" 200 331
[10/Apr/2024 08:09:55] "GET /admin/authtoken/tokenproxy/add/ HTTP/1.0" 200 8115
[10/Apr/2024 08:09:55] "GET /static/admin/css/forms.css HTTP/1.0" 200 9090
[10/Apr/2024 08:09:55] "GET /static/admin/js/admin/RelatedObjectLookups.js HTTP/1.0" 200 9042
[10/Apr/2024 08:09:55] "GET /static/admin/js/core.js HTTP/1.0" 200 6208
[10/Apr/2024 08:09:55] "GET /static/admin/js/vendor/jquery/jquery.js HTTP/1.0" 200 285314
[10/Apr/2024 08:09:55] "GET /static/admin/js/jquery.init.js HTTP/1.0" 200 347
[10/Apr/2024 08:09:55] "GET /admin/jsi18n/ HTTP/1.0" 200 3342
[10/Apr/2024 08:09:55] "GET /static/admin/js/actions.js HTTP/1.0" 200 8067
[10/Apr/2024 08:09:55] "GET /static/admin/js/urlify.js HTTP/1.0" 200 7887
[10/Apr/2024 08:09:55] "GET /static/admin/css/widgets.css HTTP/1.0" 200 11800
[10/Apr/2024 08:09:55] "GET /static/admin/js/vendor/xregexp/xregexp.js HTTP/1.0" 200 325171
[10/Apr/2024 08:09:55] "GET /static/admin/js/prepopulate.js HTTP/1.0" 200 1531
[10/Apr/2024 08:09:55] "GET /static/admin/js/prepopulate_init.js HTTP/1.0" 200 586
[10/Apr/2024 08:09:55] "GET /static/admin/js/change_form.js HTTP/1.0" 200 606
[10/Apr/2024 08:09:57] "GET /admin/ HTTP/1.0" 200 5823
Not Found: /
[10/Apr/2024 08:15:45] "GET / HTTP/1.0" 404 2901
Invalid HTTP_HOST header: 'www.ip138.com'. You may need to add 'www.ip138.com' to ALLOWED_HOSTS.
Traceback (most recent call last):
  File "/root/.local/share/virtualenvs/django-billing-system-LWxIsXeD/lib/python3.10/site-packages/django/core/handlers/exception.py", line 55, in inner
    response = get_response(request)
  File "/root/.local/share/virtualenvs/django-billing-system-LWxIsXeD/lib/python3.10/site-packages/django/utils/deprecation.py", line 133, in __call__
    response = self.process_request(request)
  File "/root/.local/share/virtualenvs/django-billing-system-LWxIsXeD/lib/python3.10/site-packages/django/middleware/common.py", line 48, in process_request
    host = request.get_host()
  File "/root/.local/share/virtualenvs/django-billing-system-LWxIsXeD/lib/python3.10/site-packages/django/http/request.py", line 151, in get_host
    raise DisallowedHost(msg)
django.core.exceptions.DisallowedHost: Invalid HTTP_HOST header: 'www.ip138.com'. You may need to add 'www.ip138.com' to ALLOWED_HOSTS.
Bad Request: /
[10/Apr/2024 08:19:01] "GET / HTTP/1.0" 400 65164
Not Found: /
[10/Apr/2024 08:21:45] "GET / HTTP/1.0" 404 2901
Invalid HTTP_HOST header: '_'. The domain name provided is not valid according to RFC 1034/1035.
Traceback (most recent call last):
  File "/root/.local/share/virtualenvs/django-billing-system-LWxIsXeD/lib/python3.10/site-packages/django/core/handlers/exception.py", line 55, in inner
    response = get_response(request)
  File "/root/.local/share/virtualenvs/django-billing-system-LWxIsXeD/lib/python3.10/site-packages/django/utils/deprecation.py", line 133, in __call__
    response = self.process_request(request)
  File "/root/.local/share/virtualenvs/django-billing-system-LWxIsXeD/lib/python3.10/site-packages/django/middleware/common.py", line 48, in process_request
    host = request.get_host()
  File "/root/.local/share/virtualenvs/django-billing-system-LWxIsXeD/lib/python3.10/site-packages/django/http/request.py", line 151, in get_host
    raise DisallowedHost(msg)
django.core.exceptions.DisallowedHost: Invalid HTTP_HOST header: '_'. The domain name provided is not valid according to RFC 1034/1035.
Bad Request: /
[10/Apr/2024 08:29:51] "GET / HTTP/1.0" 400 64136
Not Found: /.env
[10/Apr/2024 08:45:24] "GET /.env HTTP/1.0" 404 2931
Not Found: /
[10/Apr/2024 08:45:24] "POST / HTTP/1.0" 404 2902
[10/Apr/2024 09:06:26] "GET /swagger/ HTTP/1.0" 200 2166
[10/Apr/2024 09:06:26] "GET /static/drf-yasg/style.css HTTP/1.0" 304 0
[10/Apr/2024 09:06:26] "GET /static/drf-yasg/swagger-ui-dist/swagger-ui-standalone-preset.js HTTP/1.0" 304 0
[10/Apr/2024 09:06:26] "GET /static/drf-yasg/swagger-ui-dist/swagger-ui.css HTTP/1.0" 304 0
[10/Apr/2024 09:06:26] "GET /static/drf-yasg/swagger-ui-dist/swagger-ui-bundle.js HTTP/1.0" 304 0
[10/Apr/2024 09:06:26] "GET /static/drf-yasg/immutable.min.js HTTP/1.0" 304 0
[10/Apr/2024 09:06:26] "GET /static/drf-yasg/insQ.min.js HTTP/1.0" 304 0
[10/Apr/2024 09:06:26] "GET /static/drf-yasg/swagger-ui-init.js HTTP/1.0" 304 0
[10/Apr/2024 09:06:26] "GET /static/drf-yasg/swagger-ui-dist/swagger-ui-standalone-preset.js HTTP/1.0" 304 0
[10/Apr/2024 09:06:26] "GET /static/drf-yasg/swagger-ui-dist/swagger-ui-bundle.js HTTP/1.0" 304 0
[10/Apr/2024 09:06:26] "GET /static/drf-yasg/immutable.min.js HTTP/1.0" 304 0
[10/Apr/2024 09:06:26] "GET /swagger/?format=openapi HTTP/1.0" 200 7066
[10/Apr/2024 09:06:26] "GET /static/drf-yasg/insQ.min.js HTTP/1.0" 304 0
[10/Apr/2024 09:06:26] "GET /static/drf-yasg/swagger-ui-init.js HTTP/1.0" 304 0
[10/Apr/2024 09:06:29] "GET /swagger/?format=openapi HTTP/1.0" 200 7066
Not Found: /accounts/login/
[10/Apr/2024 09:06:34] "GET /accounts/login/?next=/swagger/ HTTP/1.0" 404 2979
Not Found: /favicon.ico
[10/Apr/2024 09:06:34] "GET /favicon.ico HTTP/1.0" 404 2952
[10/Apr/2024 09:06:58] "POST /api/login/ HTTP/1.0" 200 52
Forbidden: /api/products/
[10/Apr/2024 09:07:45] "GET /api/products/ HTTP/1.0" 403 58
Not Found: /
[10/Apr/2024 09:08:54] "GET / HTTP/1.0" 404 2901
[10/Apr/2024 09:11:11] "GET /swagger/ HTTP/1.0" 200 2402
[10/Apr/2024 09:11:11] "GET /static/drf-yasg/style.css HTTP/1.0" 304 0
[10/Apr/2024 09:11:11] "GET /static/drf-yasg/swagger-ui-dist/swagger-ui.css HTTP/1.0" 304 0
[10/Apr/2024 09:11:11] "GET /static/drf-yasg/swagger-ui-dist/swagger-ui-bundle.js HTTP/1.0" 304 0
[10/Apr/2024 09:11:11] "GET /static/drf-yasg/swagger-ui-init.js HTTP/1.0" 304 0
[10/Apr/2024 09:11:11] "GET /static/drf-yasg/insQ.min.js HTTP/1.0" 304 0
[10/Apr/2024 09:11:11] "GET /static/drf-yasg/immutable.min.js HTTP/1.0" 304 0
[10/Apr/2024 09:11:11] "GET /static/drf-yasg/swagger-ui-dist/swagger-ui-standalone-preset.js HTTP/1.0" 304 0
[10/Apr/2024 09:11:12] "GET /swagger/?format=openapi HTTP/1.0" 200 7066
[10/Apr/2024 09:11:15] "GET /swagger/?format=openapi HTTP/1.0" 200 7066
Unauthorized: /api/login/
[10/Apr/2024 09:11:40] "POST /api/login/ HTTP/1.0" 401 31
[10/Apr/2024 09:12:25] "GET /swagger/ HTTP/1.0" 200 2402
[10/Apr/2024 09:12:25] "GET /swagger/?format=openapi HTTP/1.0" 200 7066
[10/Apr/2024 09:12:27] "GET /swagger/?format=openapi HTTP/1.0" 200 7066
Not Found: /accounts/logout/
[10/Apr/2024 09:12:37] "GET /accounts/logout/?next=/swagger/ HTTP/1.0" 404 2982
